2018-07-02 11:18:59,307 INFO: sbMACRO startup [in /Users/taylorrogers/Documents/#Coding/sbProgram/sbMACRO/app/__init__.py:51]
2018-07-12 14:34:53,588 INFO: sbMACRO startup [in /Users/taylorrogers/Documents/#Coding/sbProgram/sbMACRO/app/__init__.py:56]
2018-07-13 13:47:05,334 INFO: sbMACRO startup [in /Users/taylorrogers/Documents/#Coding/sbProgram/sbMACRO/app/__init__.py:56]
2018-07-13 14:26:04,342 ERROR: Exception on /reset_password_request [POST] [in /Users/taylorrogers/Documents/#Coding/sbProgram/sbMACRO/venv/lib/python3.6/site-packages/flask/app.py:1761]
Traceback (most recent call last):
  File "/Users/taylorrogers/Documents/#Coding/sbProgram/sbMACRO/venv/lib/python3.6/site-packages/flask/app.py", line 2292, in wsgi_app
    response = self.full_dispatch_request()
  File "/Users/taylorrogers/Documents/#Coding/sbProgram/sbMACRO/venv/lib/python3.6/site-packages/flask/app.py", line 1815, in full_dispatch_request
    rv = self.handle_user_exception(e)
  File "/Users/taylorrogers/Documents/#Coding/sbProgram/sbMACRO/venv/lib/python3.6/site-packages/flask/app.py", line 1718, in handle_user_exception
    reraise(exc_type, exc_value, tb)
  File "/Users/taylorrogers/Documents/#Coding/sbProgram/sbMACRO/venv/lib/python3.6/site-packages/flask/_compat.py", line 35, in reraise
    raise value
  File "/Users/taylorrogers/Documents/#Coding/sbProgram/sbMACRO/venv/lib/python3.6/site-packages/flask/app.py", line 1813, in full_dispatch_request
    rv = self.dispatch_request()
  File "/Users/taylorrogers/Documents/#Coding/sbProgram/sbMACRO/venv/lib/python3.6/site-packages/flask/app.py", line 1799, in dispatch_request
    return self.view_functions[rule.endpoint](**req.view_args)
  File "/Users/taylorrogers/Documents/#Coding/sbProgram/sbMACRO/app/routes.py", line 125, in reset_password_request
    return redirect(url_for('pass_request'), title='Reset Password')
TypeError: redirect() got an unexpected keyword argument 'title'
2018-07-13 14:27:06,233 ERROR: Exception on /reset_password_request [POST] [in /Users/taylorrogers/Documents/#Coding/sbProgram/sbMACRO/venv/lib/python3.6/site-packages/flask/app.py:1761]
Traceback (most recent call last):
  File "/Users/taylorrogers/Documents/#Coding/sbProgram/sbMACRO/venv/lib/python3.6/site-packages/flask/app.py", line 2292, in wsgi_app
    response = self.full_dispatch_request()
  File "/Users/taylorrogers/Documents/#Coding/sbProgram/sbMACRO/venv/lib/python3.6/site-packages/flask/app.py", line 1815, in full_dispatch_request
    rv = self.handle_user_exception(e)
  File "/Users/taylorrogers/Documents/#Coding/sbProgram/sbMACRO/venv/lib/python3.6/site-packages/flask/app.py", line 1718, in handle_user_exception
    reraise(exc_type, exc_value, tb)
  File "/Users/taylorrogers/Documents/#Coding/sbProgram/sbMACRO/venv/lib/python3.6/site-packages/flask/_compat.py", line 35, in reraise
    raise value
  File "/Users/taylorrogers/Documents/#Coding/sbProgram/sbMACRO/venv/lib/python3.6/site-packages/flask/app.py", line 1813, in full_dispatch_request
    rv = self.dispatch_request()
  File "/Users/taylorrogers/Documents/#Coding/sbProgram/sbMACRO/venv/lib/python3.6/site-packages/flask/app.py", line 1799, in dispatch_request
    return self.view_functions[rule.endpoint](**req.view_args)
  File "/Users/taylorrogers/Documents/#Coding/sbProgram/sbMACRO/app/routes.py", line 125, in reset_password_request
    return redirect(url_for('pass_request'))
TypeError: redirect() got an unexpected keyword argument 'title'
2018-07-13 14:27:14,767 ERROR: Exception on /reset_password_request [POST] [in /Users/taylorrogers/Documents/#Coding/sbProgram/sbMACRO/venv/lib/python3.6/site-packages/flask/app.py:1761]
Traceback (most recent call last):
  File "/Users/taylorrogers/Documents/#Coding/sbProgram/sbMACRO/venv/lib/python3.6/site-packages/flask/app.py", line 2292, in wsgi_app
    response = self.full_dispatch_request()
  File "/Users/taylorrogers/Documents/#Coding/sbProgram/sbMACRO/venv/lib/python3.6/site-packages/flask/app.py", line 1815, in full_dispatch_request
    rv = self.handle_user_exception(e)
  File "/Users/taylorrogers/Documents/#Coding/sbProgram/sbMACRO/venv/lib/python3.6/site-packages/flask/app.py", line 1718, in handle_user_exception
    reraise(exc_type, exc_value, tb)
  File "/Users/taylorrogers/Documents/#Coding/sbProgram/sbMACRO/venv/lib/python3.6/site-packages/flask/_compat.py", line 35, in reraise
    raise value
  File "/Users/taylorrogers/Documents/#Coding/sbProgram/sbMACRO/venv/lib/python3.6/site-packages/flask/app.py", line 1813, in full_dispatch_request
    rv = self.dispatch_request()
  File "/Users/taylorrogers/Documents/#Coding/sbProgram/sbMACRO/venv/lib/python3.6/site-packages/flask/app.py", line 1799, in dispatch_request
    return self.view_functions[rule.endpoint](**req.view_args)
  File "/Users/taylorrogers/Documents/#Coding/sbProgram/sbMACRO/app/routes.py", line 125, in reset_password_request
    return redirect(url_for('pass_request'))
TypeError: redirect() got an unexpected keyword argument 'title'
2018-07-13 14:27:51,223 INFO: sbMACRO startup [in /Users/taylorrogers/Documents/#Coding/sbProgram/sbMACRO/app/__init__.py:56]
2018-07-17 09:09:10,404 INFO: sbMACRO startup [in /Users/taylorrogers/Documents/#Coding/sbProgram/sbMACRO/app/__init__.py:56]
2018-07-17 09:11:41,641 INFO: sbMACRO startup [in /Users/taylorrogers/Documents/#Coding/sbProgram/sbMACRO/app/__init__.py:56]
2018-07-17 09:35:52,321 INFO: sbMACRO startup [in /Users/taylorrogers/Documents/#Coding/sbProgram/sbMACRO/app/__init__.py:56]
2018-07-17 09:44:15,724 INFO: sbMACRO startup [in /Users/taylorrogers/Documents/#Coding/sbProgram/sbMACRO/app/__init__.py:56]
2018-07-17 10:07:32,500 INFO: sbMACRO startup [in /Users/taylorrogers/Documents/#Coding/sbProgram/sbMACRO/app/__init__.py:58]
2018-07-17 14:04:18,123 INFO: sbMACRO startup [in /Users/taylorrogers/Documents/#Coding/sbProgram/sbMACRO/app/__init__.py:58]
2018-07-17 14:07:35,463 INFO: sbMACRO startup [in /Users/taylorrogers/Documents/#Coding/sbProgram/sbMACRO/app/__init__.py:58]
2018-07-17 14:48:29,474 INFO: sbMACRO startup [in /Users/taylorrogers/Documents/#Coding/sbProgram/sbMACRO/app/__init__.py:61]
